0 verbose cli /usr/bin/node-20 /usr/bin/npm
1 info using npm@10.2.3
2 info using node@v20.10.0
3 timing npm:load:whichnode Completed in 36ms
4 timing config:load:defaults Completed in 41ms
5 timing config:load:file:/usr/lib/node_modules_20/npm/npmrc Completed in 21ms
6 timing config:load:builtin Completed in 28ms
7 timing config:load:cli Completed in 23ms
8 timing config:load:env Completed in 1ms
9 timing config:load:project Completed in 6ms
10 timing config:load:file:/home/kmprosina/.npmrc Completed in 1ms
11 timing config:load:user Completed in 1ms
12 timing config:load:file:/etc/npmrc Completed in 2ms
13 timing config:load:global Completed in 5ms
14 timing config:load:setEnvs Completed in 4ms
15 timing config:load Completed in 117ms
16 timing npm:load:configload Completed in 120ms
17 timing config:load:flatten Completed in 13ms
18 timing npm:load:mkdirpcache Completed in 2ms
19 timing npm:load:mkdirplogs Completed in 1ms
20 verbose title npm setup
21 verbose argv "setup"
22 timing npm:load:setTitle Completed in 2ms
23 timing npm:load:display Completed in 2ms
24 verbose logfile logs-max:10 dir:/home/kmprosina/.npm/_logs/2024-03-08T05_29_45_380Z-
25 verbose logfile /home/kmprosina/.npm/_logs/2024-03-08T05_29_45_380Z-debug-0.log
26 timing npm:load:logFile Completed in 95ms
27 timing npm:load:timers Completed in 0ms
28 timing npm:load:configScope Completed in 0ms
29 timing npm:load Completed in 398ms
30 verbose exit 1
31 timing npm Completed in 1189ms
32 verbose code 1
